<?xml version="1.0" encoding="UTF-8"?>
<!-- Generated by org.testng.reporters.JUnitReportReporter -->
<testsuite skipped="0" hostname="Rajeshk" name="com.qa.tests.GetAPITest" tests="2" failures="0" timestamp="30 Jan 2019 10:11:38 GMT" time="2.096" errors="0">
  <testcase name="getAPITestWithoutHeaders" time="1.611" classname="com.qa.tests.GetAPITest"/>
  <testcase name="getAPITestWithHeaders" time="0.485" classname="com.qa.tests.GetAPITest"/>
</testsuite> <!-- com.qa.tests.GetAPITest -->
