<?xml version="1.0" encoding="UTF-8"?>
<!-- Generated by org.testng.reporters.JUnitReportReporter -->
<testsuite skipped="0" hostname="Rajeshk" name="com.qa.tests.PostAPITest" tests="1" failures="0" timestamp="31 Jan 2019 10:37:31 GMT" time="1.489" errors="0">
  <testcase name="postAPITest" time="1.489" classname="com.qa.tests.PostAPITest"/>
</testsuite> <!-- com.qa.tests.PostAPITest -->
